<?xml version="1.0" encoding="UTF-8"?>
<!-- Generated by org.testng.reporters.JUnitXMLReporter -->
<testsuite hostname="IN01LAP00082" name="Test" tests="2" failures="1" timestamp="26 Jun 2018 16:15:52 GMT" time="49.385" errors="0">
  <testcase name="@AfterMethod testClosure" time="0.0" classname="pageTestsLibrary.LoginPageTestSuite">
    <failure type="org.openqa.selenium.WebDriverException" message="chrome not reachable
  (Session info: chrome=67.0.3396.99)
  (Driver info: chromedriver=2.36.540470 (e522d04694c7ebea4ba8821272dbef4f9b818c91),platform=Windows NT 10.0.14393 x86_64) (WARNING: The server did not provide any stacktrace information)
Command duration or timeout: 2.30 seconds
Build info: version: &amp;apos;2.53.1&amp;apos;, revision: &amp;apos;a36b8b1&amp;apos;, time: &amp;apos;2016-06-30 17:32:46&amp;apos;
System info: host: &amp;apos;IN01LAP00082&amp;apos;, ip: &amp;apos;10.91.24.220&amp;apos;, os.name: &amp;apos;Windows 10&amp;apos;, os.arch: &amp;apos;amd64&amp;apos;, os.version: &amp;apos;10.0&amp;apos;, java.version: &amp;apos;1.8.0_92&amp;apos;
Driver info: org.openqa.selenium.chrome.ChromeDriver
Capabilities [{applicationCacheEnabled=false, rotatable=false, mobileEmulationEnabled=false, networkConnectionEnabled=false, chrome={chromedriverVersion=2.36.540470 (e522d04694c7ebea4ba8821272dbef4f9b818c91), userDataDir=C:\Users\VD57\AppData\Local\Temp\scoped_dir8616_16627}, takesHeapSnapshot=true, pageLoadStrategy=normal, databaseEnabled=false, handlesAlerts=true, hasTouchScreen=false, version=67.0.3396.99, platform=XP, browserConnectionEnabled=false, nativeEvents=true, acceptSslCerts=false, acceptInsecureCerts=false, locationContextEnabled=true, webStorageEnabled=true, browserName=chrome, takesScreenshot=true, javascriptEnabled=true, cssSelectorsEnabled=true, setWindowRect=true, unexpectedAlertBehaviour=}]
Session ID: f023a14d856c17a53bc8cc8bebf832bc">
      <![CDATA[org.openqa.selenium.WebDriverException: chrome not reachable
  (Session info: chrome=67.0.3396.99)
  (Driver info: chromedriver=2.36.540470 (e522d04694c7ebea4ba8821272dbef4f9b818c91),platform=Windows NT 10.0.14393 x86_64) (WARNING: The server did not provide any stacktrace information)
Command duration or timeout: 2.30 seconds
Build info: version: '2.53.1', revision: 'a36b8b1', time: '2016-06-30 17:32:46'
System info: host: 'IN01LAP00082', ip: '10.91.24.220', os.name: 'Windows 10', os.arch: 'amd64', os.version: '10.0', java.version: '1.8.0_92'
Driver info: org.openqa.selenium.chrome.ChromeDriver
Capabilities [{applicationCacheEnabled=false, rotatable=false, mobileEmulationEnabled=false, networkConnectionEnabled=false, chrome={chromedriverVersion=2.36.540470 (e522d04694c7ebea4ba8821272dbef4f9b818c91), userDataDir=C:\Users\VD57\AppData\Local\Temp\scoped_dir8616_16627}, takesHeapSnapshot=true, pageLoadStrategy=normal, databaseEnabled=false, handlesAlerts=true, hasTouchScreen=false, version=67.0.3396.99, platform=XP, browserConnectionEnabled=false, nativeEvents=true, acceptSslCerts=false, acceptInsecureCerts=false, locationContextEnabled=true, webStorageEnabled=true, browserName=chrome, takesScreenshot=true, javascriptEnabled=true, cssSelectorsEnabled=true, setWindowRect=true, unexpectedAlertBehaviour=}]
Session ID: f023a14d856c17a53bc8cc8bebf832bc
	at org.openqa.selenium.remote.ErrorHandler.createThrowable(ErrorHandler.java:206)
	at org.openqa.selenium.remote.ErrorHandler.throwIfResponseFailed(ErrorHandler.java:158)
	at org.openqa.selenium.remote.RemoteWebDriver.execute(RemoteWebDriver.java:678)
	at org.openqa.selenium.remote.RemoteWebDriver.execute(RemoteWebDriver.java:701)
	at org.openqa.selenium.remote.RemoteWebDriver.close(RemoteWebDriver.java:521)
	at testBaseLibrary.TestBase.closeBrowser(TestBase.java:43)
	at pageTestsLibrary.LoginPageTestSuite.testClosure(LoginPageTestSuite.java:67)
... Removed 29 stack frames]]>
    </failure>
  </testcase> <!-- @AfterMethod testClosure -->
  <testcase name="@BeforeMethod startTest" time="0.0" classname="pageTestsLibrary.LoginPageTestSuite">
    <skipped/>
  </testcase> <!-- @BeforeMethod startTest -->
  <testcase name="@AfterMethod testClosure" time="0.0" classname="pageTestsLibrary.LoginPageTestSuite">
    <skipped/>
  </testcase> <!-- @AfterMethod testClosure -->
  <testcase name="orangeHRMLoginWithValidCredentials" time="28.225" classname="pageTestsLibrary.LoginPageTestSuite">
    <failure type="java.lang.NullPointerException">
      <![CDATA[java.lang.NullPointerException
	at org.openqa.selenium.support.pagefactory.internal.LocatingElementHandler.invoke(LocatingElementHandler.java:51)
	at com.sun.proxy.$Proxy7.sendKeys(Unknown Source)
	at pageActionsLibrary.LoginPageActions.enterUsername(LoginPageActions.java:16)
	at pageTestsLibrary.LoginPageTestSuite.orangeHRMLoginWithValidCredentials(LoginPageTestSuite.java:35)
... Removed 27 stack frames]]>
    </failure>
  </testcase> <!-- orangeHRMLoginWithValidCredentials -->
  <testcase name="orangeHRMLoginWithInvalidCredentials" time="0.0" classname="pageTestsLibrary.LoginPageTestSuite">
    <skipped/>
  </testcase> <!-- orangeHRMLoginWithInvalidCredentials -->
</testsuite> <!-- Test -->
